{
  "meta": {
    "format": 3,
    "version": "7.11.0",
    "timestamp": "2025-12-03T10:30:44.202366",
    "branch_coverage": false,
    "show_contexts": false
  },
  "files": {
    "catalog/api/__init__.py": {
      "executed_lines": [
        1,
        3,
        5,
        9
      ],
      "summary": {
        "covered_lines": 4,
        "num_statements": 4,
        "percent_covered": 100.0,
        "percent_covered_display": "100",
        "missing_lines": 0,
        "excluded_lines": 0
      },
      "missing_lines": [],
      "excluded_lines": [],
      "functions": {
        "": {
          "executed_lines": [
            1,
            3,
            5,
            9
          ],
          "summary": {
            "covered_lines": 4,
            "num_statements": 4,
            "percent_covered": 100.0,
            "percent_covered_display": "100",
            "missing_lines": 0,
            "excluded_lines": 0
          },
          "missing_lines": [],
          "excluded_lines": []
        }
      },
      "classes": {
        "": {
          "executed_lines": [
            1,
            3,
            5,
            9
          ],
          "summary": {
            "covered_lines": 4,
            "num_statements": 4,
            "percent_covered": 100.0,
            "percent_covered_display": "100",
            "missing_lines": 0,
            "excluded_lines": 0
          },
          "missing_lines": [],
          "excluded_lines": []
        }
      }
    },
    "catalog/api/api_v1/__init__.py": {
      "executed_lines": [
        1,
        3,
        5,
        9
      ],
      "summary": {
        "covered_lines": 4,
        "num_statements": 4,
        "percent_covered": 100.0,
        "percent_covered_display": "100",
        "missing_lines": 0,
        "excluded_lines": 0
      },
      "missing_lines": [],
      "excluded_lines": [],
      "functions": {
        "": {
          "executed_lines": [
            1,
            3,
            5,
            9
          ],
          "summary": {
            "covered_lines": 4,
            "num_statements": 4,
            "percent_covered": 100.0,
            "percent_covered_display": "100",
            "missing_lines": 0,
            "excluded_lines": 0
          },
          "missing_lines": [],
          "excluded_lines": []
        }
      },
      "classes": {
        "": {
          "executed_lines": [
            1,
            3,
            5,
            9
          ],
          "summary": {
            "covered_lines": 4,
            "num_statements": 4,
            "percent_covered": 100.0,
            "percent_covered_display": "100",
            "missing_lines": 0,
            "excluded_lines": 0
          },
          "missing_lines": [],
          "excluded_lines": []
        }
      }
    },
    "catalog/api/api_v1/auth/__init__.py": {
      "executed_lines": [
        0
      ],
      "summary": {
        "covered_lines": 0,
        "num_statements": 0,
        "percent_covered": 100.0,
        "percent_covered_display": "100",
        "missing_lines": 0,
        "excluded_lines": 0
      },
      "missing_lines": [],
      "excluded_lines": [],
      "functions": {
        "": {
          "executed_lines": [],
          "summary": {
            "covered_lines": 0,
            "num_statements": 0,
            "percent_covered": 100.0,
            "percent_covered_display": "100",
            "missing_lines": 0,
            "excluded_lines": 0
          },
          "missing_lines": [],
          "excluded_lines": []
        }
      },
      "classes": {
        "": {
          "executed_lines": [],
          "summary": {
            "covered_lines": 0,
            "num_statements": 0,
            "percent_covered": 100.0,
            "percent_covered_display": "100",
            "missing_lines": 0,
            "excluded_lines": 0
          },
          "missing_lines": [],
          "excluded_lines": []
        }
      }
    },
    "catalog/api/api_v1/auth/services/__init__.py": {
      "executed_lines": [
        1,
        5,
        6
      ],
      "summary": {
        "covered_lines": 3,
        "num_statements": 3,
        "percent_covered": 100.0,
        "percent_covered_display": "100",
        "missing_lines": 0,
        "excluded_lines": 0
      },
      "missing_lines": [],
      "excluded_lines": [],
      "functions": {
        "": {
          "executed_lines": [
            1,
            5,
            6
          ],
          "summary": {
            "covered_lines": 3,
            "num_statements": 3,
            "percent_covered": 100.0,
            "percent_covered_display": "100",
            "missing_lines": 0,
            "excluded_lines": 0
          },
          "missing_lines": [],
          "excluded_lines": []
        }
      },
      "classes": {
        "": {
          "executed_lines": [
            1,
            5,
            6
          ],
          "summary": {
            "covered_lines": 3,
            "num_statements": 3,
            "percent_covered": 100.0,
            "percent_covered_display": "100",
            "missing_lines": 0,
            "excluded_lines": 0
          },
          "missing_lines": [],
          "excluded_lines": []
        }
      }
    },
    "catalog/api/api_v1/auth/services/redis_token_helper.py": {
      "executed_lines": [
        1,
        3,
        5,
        6,
        9,
        10,
        17,
        23,
        25,
        26,
        33,
        34,
        36,
        39,
        40,
        43
      ],
      "summary": {
        "covered_lines": 16,
        "num_statements": 17,
        "percent_covered": 94.11764705882354,
        "percent_covered_display": "94",
        "missing_lines": 1,
        "excluded_lines": 0
      },
      "missing_lines": [
        37
      ],
      "excluded_lines": [],
      "functions": {
        "RedisTokensHelper.__init__": {
          "executed_lines": [
            17,
            23
          ],
          "summary": {
            "covered_lines": 2,
            "num_statements": 2,
            "percent_covered": 100.0,
            "percent_covered_display": "100",
            "missing_lines": 0,
            "excluded_lines": 0
          },
          "missing_lines": [],
          "excluded_lines": []
        },
        "RedisTokensHelper.token_exists": {
          "executed_lines": [
            26
          ],
          "summary": {
            "covered_lines": 1,
            "num_statements": 1,
            "percent_covered": 100.0,
            "percent_covered_display": "100",
            "missing_lines": 0,
            "excluded_lines": 0
          },
          "missing_lines": [],
          "excluded_lines": []
        },
        "RedisTokensHelper.add_token": {
          "executed_lines": [
            34
          ],
          "summary": {
            "covered_lines": 1,
            "num_statements": 1,
            "percent_covered": 100.0,
            "percent_covered_display": "100",
            "missing_lines": 0,
            "excluded_lines": 0
          },
          "missing_lines": [],
          "excluded_lines": []
        },
        "RedisTokensHelper.get_tokens": {
          "executed_lines": [],
          "summary": {
            "covered_lines": 0,
            "num_statements": 1,
            "percent_covered": 0.0,
            "percent_covered_display": "0",
            "missing_lines": 1,
            "excluded_lines": 0
          },
          "missing_lines": [
            37
          ],
          "excluded_lines": []
        },
        "RedisTokensHelper.delete_token": {
          "executed_lines": [
            40
          ],
          "summary": {
            "covered_lines": 1,
            "num_statements": 1,
            "percent_covered": 100.0,
            "percent_covered_display": "100",
            "missing_lines": 0,
            "excluded_lines": 0
          },
          "missing_lines": [],
          "excluded_lines": []
        },
        "": {
          "executed_lines": [
            1,
            3,
            5,
            6,
            9,
            10,
            25,
            33,
            36,
            39,
            43
          ],
          "summary": {
            "covered_lines": 11,
            "num_statements": 11,
            "percent_covered": 100.0,
            "percent_covered_display": "100",
            "missing_lines": 0,
            "excluded_lines": 0
          },
          "missing_lines": [],
          "excluded_lines": []
        }
      },
      "classes": {
        "RedisTokensHelper": {
          "executed_lines": [
            17,
            23,
            26,
            34,
            40
          ],
          "summary": {
            "covered_lines": 5,
            "num_statements": 6,
            "percent_covered": 83.33333333333333,
            "percent_covered_display": "83",
            "missing_lines": 1,
            "excluded_lines": 0
          },
          "missing_lines": [
            37
          ],
          "excluded_lines": []
        },
        "": {
          "executed_lines": [
            1,
            3,
            5,
            6,
            9,
            10,
            25,
            33,
            36,
            39,
            43
          ],
          "summary": {
            "covered_lines": 11,
            "num_statements": 11,
            "percent_covered": 100.0,
            "percent_covered_display": "100",
            "missing_lines": 0,
            "excluded_lines": 0
          },
          "missing_lines": [],
          "excluded_lines": []
        }
      }
    },
    "catalog/api/api_v1/auth/services/redis_users_helper.py": {
      "executed_lines": [
        1,
        3,
        5,
        6,
        9,
        10,
        16,
        23,
        33
      ],
      "summary": {
        "covered_lines": 9,
        "num_statements": 10,
        "percent_covered": 90.0,
        "percent_covered_display": "90",
        "missing_lines": 1,
        "excluded_lines": 0
      },
      "missing_lines": [
        27
      ],
      "excluded_lines": [],
      "functions": {
        "RedisUsersHelper.__init__": {
          "executed_lines": [
            16
          ],
          "summary": {
            "covered_lines": 1,
            "num_statements": 1,
            "percent_covered": 100.0,
            "percent_covered_display": "100",
            "missing_lines": 0,
            "excluded_lines": 0
          },
          "missing_lines": [],
          "excluded_lines": []
        },
        "RedisUsersHelper.get_user_password": {
          "executed_lines": [],
          "summary": {
            "covered_lines": 0,
            "num_statements": 1,
            "percent_covered": 0.0,
            "percent_covered_display": "0",
            "missing_lines": 1,
            "excluded_lines": 0
          },
          "missing_lines": [
            27
          ],
          "excluded_lines": []
        },
        "": {
          "executed_lines": [
            1,
            3,
            5,
            6,
            9,
            10,
            23,
            33
          ],
          "summary": {
            "covered_lines": 8,
            "num_statements": 8,
            "percent_covered": 100.0,
            "percent_covered_display": "100",
            "missing_lines": 0,
            "excluded_lines": 0
          },
          "missing_lines": [],
          "excluded_lines": []
        }
      },
      "classes": {
        "RedisUsersHelper": {
          "executed_lines": [
            16
          ],
          "summary": {
            "covered_lines": 1,
            "num_statements": 2,
            "percent_covered": 50.0,
            "percent_covered_display": "50",
            "missing_lines": 1,
            "excluded_lines": 0
          },
          "missing_lines": [
            27
          ],
          "excluded_lines": []
        },
        "": {
          "executed_lines": [
            1,
            3,
            5,
            6,
            9,
            10,
            23,
            33
          ],
          "summary": {
            "covered_lines": 8,
            "num_statements": 8,
            "percent_covered": 100.0,
            "percent_covered_display": "100",
            "missing_lines": 0,
            "excluded_lines": 0
          },
          "missing_lines": [],
          "excluded_lines": []
        }
      }
    },
    "catalog/api/api_v1/auth/services/tokens_helper.py": {
      "executed_lines": [
        1,
        2,
        5,
        6,
        7,
        17,
        18,
        28,
        29,
        36,
        37,
        38,
        40,
        41,
        42,
        43,
        45,
        46
      ],
      "summary": {
        "covered_lines": 18,
        "num_statements": 18,
        "percent_covered": 100.0,
        "percent_covered_display": "100",
        "missing_lines": 0,
        "excluded_lines": 0
      },
      "missing_lines": [],
      "excluded_lines": [],
      "functions": {
        "AbstractTokensHelper.token_exists": {
          "executed_lines": [],
          "summary": {
            "covered_lines": 0,
            "num_statements": 0,
            "percent_covered": 100.0,
            "percent_covered_display": "100",
            "missing_lines": 0,
            "excluded_lines": 0
          },
          "missing_lines": [],
          "excluded_lines": []
        },
        "AbstractTokensHelper.add_token": {
          "executed_lines": [],
          "summary": {
            "covered_lines": 0,
            "num_statements": 0,
            "percent_covered": 100.0,
            "percent_covered_display": "100",
            "missing_lines": 0,
            "excluded_lines": 0
          },
          "missing_lines": [],
          "excluded_lines": []
        },
        "AbstractTokensHelper.get_tokens": {
          "executed_lines": [],
          "summary": {
            "covered_lines": 0,
            "num_statements": 0,
            "percent_covered": 100.0,
            "percent_covered_display": "100",
            "missing_lines": 0,
            "excluded_lines": 0
          },
          "missing_lines": [],
          "excluded_lines": []
        },
        "AbstractTokensHelper.generate_token": {
          "executed_lines": [
            38
          ],
          "summary": {
            "covered_lines": 1,
            "num_statements": 1,
            "percent_covered": 100.0,
            "percent_covered_display": "100",
            "missing_lines": 0,
            "excluded_lines": 0
          },
          "missing_lines": [],
          "excluded_lines": []
        },
        "AbstractTokensHelper.generate_and_save_token": {
          "executed_lines": [
            41,
            42,
            43
          ],
          "summary": {
            "covered_lines": 3,
            "num_statements": 3,
            "percent_covered": 100.0,
            "percent_covered_display": "100",
            "missing_lines": 0,
            "excluded_lines": 0
          },
          "missing_lines": [],
          "excluded_lines": []
        },
        "AbstractTokensHelper.delete_token": {
          "executed_lines": [],
          "summary": {
            "covered_lines": 0,
            "num_statements": 0,
            "percent_covered": 100.0,
            "percent_covered_display": "100",
            "missing_lines": 0,
            "excluded_lines": 0
          },
          "missing_lines": [],
          "excluded_lines": []
        },
        "": {
          "executed_lines": [
            1,
            2,
            5,
            6,
            7,
            17,
            18,
            28,
            29,
            36,
            37,
            40,
            45,
            46
          ],
          "summary": {
            "covered_lines": 14,
            "num_statements": 14,
            "percent_covered": 100.0,
            "percent_covered_display": "100",
            "missing_lines": 0,
            "excluded_lines": 0
          },
          "missing_lines": [],
          "excluded_lines": []
        }
      },
      "classes": {
        "AbstractTokensHelper": {
          "executed_lines": [
            38,
            41,
            42,
            43
          ],
          "summary": {
            "covered_lines": 4,
            "num_statements": 4,
            "percent_covered": 100.0,
            "percent_covered_display": "100",
            "missing_lines": 0,
            "excluded_lines": 0
          },
          "missing_lines": [],
          "excluded_lines": []
        },
        "": {
          "executed_lines": [
            1,
            2,
            5,
            6,
            7,
            17,
            18,
            28,
            29,
            36,
            37,
            40,
            45,
            46
          ],
          "summary": {
            "covered_lines": 14,
            "num_statements": 14,
            "percent_covered": 100.0,
            "percent_covered_display": "100",
            "missing_lines": 0,
            "excluded_lines": 0
          },
          "missing_lines": [],
          "excluded_lines": []
        }
      }
    },
    "catalog/api/api_v1/auth/services/users_helper.py": {
      "executed_lines": [
        1,
        4,
        5,
        11,
        12,
        24,
        25,
        35
      ],
      "summary": {
        "covered_lines": 7,
        "num_statements": 12,
        "percent_covered": 58.333333333333336,
        "percent_covered_display": "58",
        "missing_lines": 5,
        "excluded_lines": 0
      },
      "missing_lines": [
        33,
        46,
        47,
        48,
        49
      ],
      "excluded_lines": [],
      "functions": {
        "AbstractUsersHelper.get_user_password": {
          "executed_lines": [],
          "summary": {
            "covered_lines": 0,
            "num_statements": 0,
            "percent_covered": 100.0,
            "percent_covered_display": "100",
            "missing_lines": 0,
            "excluded_lines": 0
          },
          "missing_lines": [],
          "excluded_lines": []
        },
        "AbstractUsersHelper.check_passwords_math": {
          "executed_lines": [],
          "summary": {
            "covered_lines": 0,
            "num_statements": 1,
            "percent_covered": 0.0,
            "percent_covered_display": "0",
            "missing_lines": 1,
            "excluded_lines": 0
          },
          "missing_lines": [
            33
          ],
          "excluded_lines": []
        },
        "AbstractUsersHelper.validate_user_password": {
          "executed_lines": [],
          "summary": {
            "covered_lines": 0,
            "num_statements": 4,
            "percent_covered": 0.0,
            "percent_covered_display": "0",
            "missing_lines": 4,
            "excluded_lines": 0
          },
          "missing_lines": [
            46,
            47,
            48,
            49
          ],
          "excluded_lines": []
        },
        "": {
          "executed_lines": [
            1,
            4,
            5,
            11,
            12,
            24,
            25,
            35
          ],
          "summary": {
            "covered_lines": 7,
            "num_statements": 7,
            "percent_covered": 100.0,
            "percent_covered_display": "100",
            "missing_lines": 0,
            "excluded_lines": 0
          },
          "missing_lines": [],
          "excluded_lines": []
        }
      },
      "classes": {
        "AbstractUsersHelper": {
          "executed_lines": [],
          "summary": {
            "covered_lines": 0,
            "num_statements": 5,
            "percent_covered": 0.0,
            "percent_covered_display": "0",
            "missing_lines": 5,
            "excluded_lines": 0
          },
          "missing_lines": [
            33,
            46,
            47,
            48,
            49
          ],
          "excluded_lines": []
        },
        "": {
          "executed_lines": [
            1,
            4,
            5,
            11,
            12,
            24,
            25,
            35
          ],
          "summary": {
            "covered_lines": 7,
            "num_statements": 7,
            "percent_covered": 100.0,
            "percent_covered_display": "100",
            "missing_lines": 0,
            "excluded_lines": 0
          },
          "missing_lines": [],
          "excluded_lines": []
        }
      }
    },
    "catalog/api/api_v1/mouvie_a/__init__.py": {
      "executed_lines": [
        0
      ],
      "summary": {
        "covered_lines": 0,
        "num_statements": 0,
        "percent_covered": 100.0,
        "percent_covered_display": "100",
        "missing_lines": 0,
        "excluded_lines": 0
      },
      "missing_lines": [],
      "excluded_lines": [],
      "functions": {
        "": {
          "executed_lines": [],
          "summary": {
            "covered_lines": 0,
            "num_statements": 0,
            "percent_covered": 100.0,
            "percent_covered_display": "100",
            "missing_lines": 0,
            "excluded_lines": 0
          },
          "missing_lines": [],
          "excluded_lines": []
        }
      },
      "classes": {
        "": {
          "executed_lines": [],
          "summary": {
            "covered_lines": 0,
            "num_statements": 0,
            "percent_covered": 100.0,
            "percent_covered_display": "100",
            "missing_lines": 0,
            "excluded_lines": 0
          },
          "missing_lines": [],
          "excluded_lines": []
        }
      }
    },
    "catalog/api/api_v1/mouvie_a/crud.py": {
      "executed_lines": [
        1,
        3,
        4,
        5,
        7,
        8,
        10,
        11,
        18,
        25,
        28,
        29,
        34,
        35,
        40,
        42,
        43,
        49,
        50,
        58,
        59,
        63,
        64,
        67,
        71,
        79,
        80,
        83,
        84,
        85,
        87,
        88,
        89,
        91,
        92,
        94,
        95,
        100,
        101,
        103,
        104,
        105,
        106,
        108,
        109,
        111,
        116,
        117,
        119,
        120,
        121,
        124
      ],
      "summary": {
        "covered_lines": 50,
        "num_statements": 51,
        "percent_covered": 98.03921568627452,
        "percent_covered_display": "98",
        "missing_lines": 1,
        "excluded_lines": 0
      },
      "missing_lines": [
        65
      ],
      "excluded_lines": [],
      "functions": {
        "Storage.save_movie": {
          "executed_lines": [
            43
          ],
          "summary": {
            "covered_lines": 1,
            "num_statements": 1,
            "percent_covered": 100.0,
            "percent_covered_display": "100",
            "missing_lines": 0,
            "excluded_lines": 0
          },
          "missing_lines": [],
          "excluded_lines": []
        },
        "Storage.get": {
          "executed_lines": [
            50
          ],
          "summary": {
            "covered_lines": 1,
            "num_statements": 1,
            "percent_covered": 100.0,
            "percent_covered_display": "100",
            "missing_lines": 0,
            "excluded_lines": 0
          },
          "missing_lines": [],
          "excluded_lines": []
        },
        "Storage.get_by_slug": {
          "executed_lines": [
            59,
            63,
            64
          ],
          "summary": {
            "covered_lines": 3,
            "num_statements": 4,
            "percent_covered": 75.0,
            "percent_covered_display": "75",
            "missing_lines": 1,
            "excluded_lines": 0
          },
          "missing_lines": [
            65
          ],
          "excluded_lines": []
        },
        "Storage.exists": {
          "executed_lines": [
            71
          ],
          "summary": {
            "covered_lines": 1,
            "num_statements": 1,
            "percent_covered": 100.0,
            "percent_covered_display": "100",
            "missing_lines": 0,
            "excluded_lines": 0
          },
          "missing_lines": [],
          "excluded_lines": []
        },
        "Storage.create": {
          "executed_lines": [
            80,
            83,
            84,
            85
          ],
          "summary": {
            "covered_lines": 4,
            "num_statements": 4,
            "percent_covered": 100.0,
            "percent_covered_display": "100",
            "missing_lines": 0,
            "excluded_lines": 0
          },
          "missing_lines": [],
          "excluded_lines": []
        },
        "Storage.create_or_raise_if_exists": {
          "executed_lines": [
            88,
            89,
            91,
            92
          ],
          "summary": {
            "covered_lines": 4,
            "num_statements": 4,
            "percent_covered": 100.0,
            "percent_covered_display": "100",
            "missing_lines": 0,
            "excluded_lines": 0
          },
          "missing_lines": [],
          "excluded_lines": []
        },
        "Storage.delete_by_slug": {
          "executed_lines": [
            95
          ],
          "summary": {
            "covered_lines": 1,
            "num_statements": 1,
            "percent_covered": 100.0,
            "percent_covered_display": "100",
            "missing_lines": 0,
            "excluded_lines": 0
          },
          "missing_lines": [],
          "excluded_lines": []
        },
        "Storage.delete": {
          "executed_lines": [
            101
          ],
          "summary": {
            "covered_lines": 1,
            "num_statements": 1,
            "percent_covered": 100.0,
            "percent_covered_display": "100",
            "missing_lines": 0,
            "excluded_lines": 0
          },
          "missing_lines": [],
          "excluded_lines": []
        },
        "Storage.update": {
          "executed_lines": [
            104,
            105,
            106,
            108,
            109
          ],
          "summary": {
            "covered_lines": 5,
            "num_statements": 5,
            "percent_covered": 100.0,
            "percent_covered_display": "100",
            "missing_lines": 0,
            "excluded_lines": 0
          },
          "missing_lines": [],
          "excluded_lines": []
        },
        "Storage.update_partial": {
          "executed_lines": [
            116,
            117,
            119,
            120,
            121
          ],
          "summary": {
            "covered_lines": 5,
            "num_statements": 5,
            "percent_covered": 100.0,
            "percent_covered_display": "100",
            "missing_lines": 0,
            "excluded_lines": 0
          },
          "missing_lines": [],
          "excluded_lines": []
        },
        "": {
          "executed_lines": [
            1,
            3,
            4,
            5,
            7,
            8,
            10,
            11,
            18,
            25,
            28,
            29,
            34,
            35,
            40,
            42,
            49,
            58,
            67,
            79,
            87,
            94,
            100,
            103,
            111,
            124
          ],
          "summary": {
            "covered_lines": 24,
            "num_statements": 24,
            "percent_covered": 100.0,
            "percent_covered_display": "100",
            "missing_lines": 0,
            "excluded_lines": 0
          },
          "missing_lines": [],
          "excluded_lines": []
        }
      },
      "classes": {
        "MovieBaseError": {
          "executed_lines": [],
          "summary": {
            "covered_lines": 0,
            "num_statements": 0,
            "percent_covered": 100.0,
            "percent_covered_display": "100",
            "missing_lines": 0,
            "excluded_lines": 0
          },
          "missing_lines": [],
          "excluded_lines": []
        },
        "MovieAlreadyExistsError": {
          "executed_lines": [],
          "summary": {
            "covered_lines": 0,
            "num_statements": 0,
            "percent_covered": 100.0,
            "percent_covered_display": "100",
            "missing_lines": 0,
            "excluded_lines": 0
          },
          "missing_lines": [],
          "excluded_lines": []
        },
        "Storage": {
          "executed_lines": [
            43,
            50,
            59,
            63,
            64,
            71,
            80,
            83,
            84,
            85,
            88,
            89,
            91,
            92,
            95,
            101,
            104,
            105,
            106,
            108,
            109,
            116,
            117,
            119,
            120,
            121
          ],
          "summary": {
            "covered_lines": 26,
            "num_statements": 27,
            "percent_covered": 96.29629629629629,
            "percent_covered_display": "96",
            "missing_lines": 1,
            "excluded_lines": 0
          },
          "missing_lines": [
            65
          ],
          "excluded_lines": []
        },
        "": {
          "executed_lines": [
            1,
            3,
            4,
            5,
            7,
            8,
            10,
            11,
            18,
            25,
            28,
            29,
            34,
            35,
            40,
            42,
            49,
            58,
            67,
            79,
            87,
            94,
            100,
            103,
            111,
            124
          ],
          "summary": {
            "covered_lines": 24,
            "num_statements": 24,
            "percent_covered": 100.0,
            "percent_covered_display": "100",
            "missing_lines": 0,
            "excluded_lines": 0
          },
          "missing_lines": [],
          "excluded_lines": []
        }
      }
    },
    "catalog/api/api_v1/mouvie_a/dependencies.py": {
      "executed_lines": [
        1,
        2,
        4,
        9,
        10,
        17,
        18,
        19,
        21,
        23,
        26,
        32,
        39,
        42,
        43,
        44,
        51,
        52,
        55,
        62,
        80,
        93,
        105,
        116,
        119,
        120
      ],
      "summary": {
        "covered_lines": 26,
        "num_statements": 44,
        "percent_covered": 59.09090909090909,
        "percent_covered_display": "59",
        "missing_lines": 18,
        "excluded_lines": 0
      },
      "missing_lines": [
        45,
        56,
        69,
        70,
        71,
        72,
        73,
        77,
        81,
        85,
        86,
        100,
        101,
        102,
        117,
        122,
        123,
        125
      ],
      "excluded_lines": [],
      "functions": {
        "read_movie": {
          "executed_lines": [
            42,
            43,
            44
          ],
          "summary": {
            "covered_lines": 3,
            "num_statements": 4,
            "percent_covered": 75.0,
            "percent_covered_display": "75",
            "missing_lines": 1,
            "excluded_lines": 0
          },
          "missing_lines": [
            45
          ],
          "excluded_lines": []
        },
        "validate_api_token": {
          "executed_lines": [
            52,
            55
          ],
          "summary": {
            "covered_lines": 2,
            "num_statements": 3,
            "percent_covered": 66.66666666666667,
            "percent_covered_display": "67",
            "missing_lines": 1,
            "excluded_lines": 0
          },
          "missing_lines": [
            56
          ],
          "excluded_lines": []
        },
        "api_token_required_for_unsafe_methods": {
          "executed_lines": [],
          "summary": {
            "covered_lines": 0,
            "num_statements": 6,
            "percent_covered": 0.0,
            "percent_covered_display": "0",
            "missing_lines": 6,
            "excluded_lines": 0
          },
          "missing_lines": [
            69,
            70,
            71,
            72,
            73,
            77
          ],
          "excluded_lines": []
        },
        "validate_basic_auth": {
          "executed_lines": [],
          "summary": {
            "covered_lines": 0,
            "num_statements": 3,
            "percent_covered": 0.0,
            "percent_covered_display": "0",
            "missing_lines": 3,
            "excluded_lines": 0
          },
          "missing_lines": [
            81,
            85,
            86
          ],
          "excluded_lines": []
        },
        "user_basic_auth_required_for_unsafe_methods": {
          "executed_lines": [],
          "summary": {
            "covered_lines": 0,
            "num_statements": 3,
            "percent_covered": 0.0,
            "percent_covered_display": "0",
            "missing_lines": 3,
            "excluded_lines": 0
          },
          "missing_lines": [
            100,
            101,
            102
          ],
          "excluded_lines": []
        },
        "api_token_or_user_basic_auth_required_for_unsafe_methods": {
          "executed_lines": [
            116,
            119,
            120
          ],
          "summary": {
            "covered_lines": 3,
            "num_statements": 7,
            "percent_covered": 42.857142857142854,
            "percent_covered_display": "43",
            "missing_lines": 4,
            "excluded_lines": 0
          },
          "missing_lines": [
            117,
            122,
            123,
            125
          ],
          "excluded_lines": []
        },
        "": {
          "executed_lines": [
            1,
            2,
            4,
            9,
            10,
            17,
            18,
            19,
            21,
            23,
            26,
            32,
            39,
            51,
            62,
            80,
            93,
            105
          ],
          "summary": {
            "covered_lines": 18,
            "num_statements": 18,
            "percent_covered": 100.0,
            "percent_covered_display": "100",
            "missing_lines": 0,
            "excluded_lines": 0
          },
          "missing_lines": [],
          "excluded_lines": []
        }
      },
      "classes": {
        "": {
          "executed_lines": [
            1,
            2,
            4,
            9,
            10,
            17,
            18,
            19,
            21,
            23,
            26,
            32,
            39,
            42,
            43,
            44,
            51,
            52,
            55,
            62,
            80,
            93,
            105,
            116,
            119,
            120
          ],
          "summary": {
            "covered_lines": 26,
            "num_statements": 44,
            "percent_covered": 59.09090909090909,
            "percent_covered_display": "59",
            "missing_lines": 18,
            "excluded_lines": 0
          },
          "missing_lines": [
            45,
            56,
            69,
            70,
            71,
            72,
            73,
            77,
            81,
            85,
            86,
            100,
            101,
            102,
            117,
            122,
            123,
            125
          ],
          "excluded_lines": []
        }
      }
    },
    "catalog/api/api_v1/mouvie_a/views/__init__.py": {
      "executed_lines": [
        1,
        3,
        4,
        6
      ],
      "summary": {
        "covered_lines": 4,
        "num_statements": 4,
        "percent_covered": 100.0,
        "percent_covered_display": "100",
        "missing_lines": 0,
        "excluded_lines": 0
      },
      "missing_lines": [],
      "excluded_lines": [],
      "functions": {
        "": {
          "executed_lines": [
            1,
            3,
            4,
            6
          ],
          "summary": {
            "covered_lines": 4,
            "num_statements": 4,
            "percent_covered": 100.0,
            "percent_covered_display": "100",
            "missing_lines": 0,
            "excluded_lines": 0
          },
          "missing_lines": [],
          "excluded_lines": []
        }
      },
      "classes": {
        "": {
          "executed_lines": [
            1,
            3,
            4,
            6
          ],
          "summary": {
            "covered_lines": 4,
            "num_statements": 4,
            "percent_covered": 100.0,
            "percent_covered_display": "100",
            "missing_lines": 0,
            "excluded_lines": 0
          },
          "missing_lines": [],
          "excluded_lines": []
        }
      }
    },
    "catalog/api/api_v1/mouvie_a/views/detail_views.py": {
      "executed_lines": [
        1,
        3,
        5,
        6,
        7,
        9,
        25,
        28,
        29,
        33,
        37,
        40,
        43,
        47,
        53,
        59,
        63,
        69,
        75,
        78
      ],
      "summary": {
        "covered_lines": 20,
        "num_statements": 22,
        "percent_covered": 90.9090909090909,
        "percent_covered_display": "91",
        "missing_lines": 2,
        "excluded_lines": 0
      },
      "missing_lines": [
        30,
        84
      ],
      "excluded_lines": [],
      "functions": {
        "read_movie_detail": {
          "executed_lines": [],
          "summary": {
            "covered_lines": 0,
            "num_statements": 1,
            "percent_covered": 0.0,
            "percent_covered_display": "0",
            "missing_lines": 1,
            "excluded_lines": 0
          },
          "missing_lines": [
            30
          ],
          "excluded_lines": []
        },
        "delete_movie": {
          "executed_lines": [
            40
          ],
          "summary": {
            "covered_lines": 1,
            "num_statements": 1,
            "percent_covered": 100.0,
            "percent_covered_display": "100",
            "missing_lines": 0,
            "excluded_lines": 0
          },
          "missing_lines": [],
          "excluded_lines": []
        },
        "update_movie": {
          "executed_lines": [
            53
          ],
          "summary": {
            "covered_lines": 1,
            "num_statements": 1,
            "percent_covered": 100.0,
            "percent_covered_display": "100",
            "missing_lines": 0,
            "excluded_lines": 0
          },
          "missing_lines": [],
          "excluded_lines": []
        },
        "update_partial_movie": {
          "executed_lines": [
            69
          ],
          "summary": {
            "covered_lines": 1,
            "num_statements": 1,
            "percent_covered": 100.0,
            "percent_covered_display": "100",
            "missing_lines": 0,
            "excluded_lines": 0
          },
          "missing_lines": [],
          "excluded_lines": []
        },
        "transfer_movie": {
          "executed_lines": [],
          "summary": {
            "covered_lines": 0,
            "num_statements": 1,
            "percent_covered": 0.0,
            "percent_covered_display": "0",
            "missing_lines": 1,
            "excluded_lines": 0
          },
          "missing_lines": [
            84
          ],
          "excluded_lines": []
        },
        "": {
          "executed_lines": [
            1,
            3,
            5,
            6,
            7,
            9,
            25,
            28,
            29,
            33,
            37,
            43,
            47,
            59,
            63,
            75,
            78
          ],
          "summary": {
            "covered_lines": 17,
            "num_statements": 17,
            "percent_covered": 100.0,
            "percent_covered_display": "100",
            "missing_lines": 0,
            "excluded_lines": 0
          },
          "missing_lines": [],
          "excluded_lines": []
        }
      },
      "classes": {
        "": {
          "executed_lines": [
            1,
            3,
            5,
            6,
            7,
            9,
            25,
            28,
            29,
            33,
            37,
            40,
            43,
            47,
            53,
            59,
            63,
            69,
            75,
            78
          ],
          "summary": {
            "covered_lines": 20,
            "num_statements": 22,
            "percent_covered": 90.9090909090909,
            "percent_covered_display": "91",
            "missing_lines": 2,
            "excluded_lines": 0
          },
          "missing_lines": [
            30,
            84
          ],
          "excluded_lines": []
        }
      }
    },
    "catalog/api/api_v1/mouvie_a/views/views_list.py": {
      "executed_lines": [
        1,
        3,
        4,
        7,
        9,
        20,
        21,
        25,
        43,
        46,
        47,
        48,
        49
      ],
      "summary": {
        "covered_lines": 13,
        "num_statements": 14,
        "percent_covered": 92.85714285714286,
        "percent_covered_display": "93",
        "missing_lines": 1,
        "excluded_lines": 0
      },
      "missing_lines": [
        22
      ],
      "excluded_lines": [],
      "functions": {
        "list_all_movies": {
          "executed_lines": [],
          "summary": {
            "covered_lines": 0,
            "num_statements": 1,
            "percent_covered": 0.0,
            "percent_covered_display": "0",
            "missing_lines": 1,
            "excluded_lines": 0
          },
          "missing_lines": [
            22
          ],
          "excluded_lines": []
        },
        "create_movie": {
          "executed_lines": [
            46,
            47,
            48,
            49
          ],
          "summary": {
            "covered_lines": 4,
            "num_statements": 4,
            "percent_covered": 100.0,
            "percent_covered_display": "100",
            "missing_lines": 0,
            "excluded_lines": 0
          },
          "missing_lines": [],
          "excluded_lines": []
        },
        "": {
          "executed_lines": [
            1,
            3,
            4,
            7,
            9,
            20,
            21,
            25,
            43
          ],
          "summary": {
            "covered_lines": 9,
            "num_statements": 9,
            "percent_covered": 100.0,
            "percent_covered_display": "100",
            "missing_lines": 0,
            "excluded_lines": 0
          },
          "missing_lines": [],
          "excluded_lines": []
        }
      },
      "classes": {
        "": {
          "executed_lines": [
            1,
            3,
            4,
            7,
            9,
            20,
            21,
            25,
            43,
            46,
            47,
            48,
            49
          ],
          "summary": {
            "covered_lines": 13,
            "num_statements": 14,
            "percent_covered": 92.85714285714286,
            "percent_covered_display": "93",
            "missing_lines": 1,
            "excluded_lines": 0
          },
          "missing_lines": [
            22
          ],
          "excluded_lines": []
        }
      }
    },
    "catalog/api/main_views.py": {
      "executed_lines": [
        1,
        6,
        11,
        12,
        16,
        20
      ],
      "summary": {
        "covered_lines": 6,
        "num_statements": 6,
        "percent_covered": 100.0,
        "percent_covered_display": "100",
        "missing_lines": 0,
        "excluded_lines": 0
      },
      "missing_lines": [],
      "excluded_lines": [],
      "functions": {
        "read_root": {
          "executed_lines": [
            16,
            20
          ],
          "summary": {
            "covered_lines": 2,
            "num_statements": 2,
            "percent_covered": 100.0,
            "percent_covered_display": "100",
            "missing_lines": 0,
            "excluded_lines": 0
          },
          "missing_lines": [],
          "excluded_lines": []
        },
        "": {
          "executed_lines": [
            1,
            6,
            11,
            12
          ],
          "summary": {
            "covered_lines": 4,
            "num_statements": 4,
            "percent_covered": 100.0,
            "percent_covered_display": "100",
            "missing_lines": 0,
            "excluded_lines": 0
          },
          "missing_lines": [],
          "excluded_lines": []
        }
      },
      "classes": {
        "": {
          "executed_lines": [
            1,
            6,
            11,
            12,
            16,
            20
          ],
          "summary": {
            "covered_lines": 6,
            "num_statements": 6,
            "percent_covered": 100.0,
            "percent_covered_display": "100",
            "missing_lines": 0,
            "excluded_lines": 0
          },
          "missing_lines": [],
          "excluded_lines": []
        }
      }
    },
    "catalog/app_lifspan.py": {
      "executed_lines": [
        1,
        2,
        4,
        7,
        8,
        13
      ],
      "summary": {
        "covered_lines": 6,
        "num_statements": 6,
        "percent_covered": 100.0,
        "percent_covered_display": "100",
        "missing_lines": 0,
        "excluded_lines": 0
      },
      "missing_lines": [],
      "excluded_lines": [],
      "functions": {
        "lifespan": {
          "executed_lines": [
            13
          ],
          "summary": {
            "covered_lines": 1,
            "num_statements": 1,
            "percent_covered": 100.0,
            "percent_covered_display": "100",
            "missing_lines": 0,
            "excluded_lines": 0
          },
          "missing_lines": [],
          "excluded_lines": []
        },
        "": {
          "executed_lines": [
            1,
            2,
            4,
            7,
            8
          ],
          "summary": {
            "covered_lines": 5,
            "num_statements": 5,
            "percent_covered": 100.0,
            "percent_covered_display": "100",
            "missing_lines": 0,
            "excluded_lines": 0
          },
          "missing_lines": [],
          "excluded_lines": []
        }
      },
      "classes": {
        "": {
          "executed_lines": [
            1,
            2,
            4,
            7,
            8,
            13
          ],
          "summary": {
            "covered_lines": 6,
            "num_statements": 6,
            "percent_covered": 100.0,
            "percent_covered_display": "100",
            "missing_lines": 0,
            "excluded_lines": 0
          },
          "missing_lines": [],
          "excluded_lines": []
        }
      }
    },
    "catalog/commands/__init__.py": {
      "executed_lines": [],
      "summary": {
        "covered_lines": 0,
        "num_statements": 2,
        "percent_covered": 0.0,
        "percent_covered_display": "0",
        "missing_lines": 2,
        "excluded_lines": 0
      },
      "missing_lines": [
        1,
        3
      ],
      "excluded_lines": [],
      "functions": {
        "": {
          "executed_lines": [],
          "summary": {
            "covered_lines": 0,
            "num_statements": 2,
            "percent_covered": 0.0,
            "percent_covered_display": "0",
            "missing_lines": 2,
            "excluded_lines": 0
          },
          "missing_lines": [
            1,
            3
          ],
          "excluded_lines": []
        }
      },
      "classes": {
        "": {
          "executed_lines": [],
          "summary": {
            "covered_lines": 0,
            "num_statements": 2,
            "percent_covered": 0.0,
            "percent_covered_display": "0",
            "missing_lines": 2,
            "excluded_lines": 0
          },
          "missing_lines": [
            1,
            3
          ],
          "excluded_lines": []
        }
      }
    },
    "catalog/commands/cli.py": {
      "executed_lines": [],
      "summary": {
        "covered_lines": 0,
        "num_statements": 9,
        "percent_covered": 0.0,
        "percent_covered_display": "0",
        "missing_lines": 9,
        "excluded_lines": 0
      },
      "missing_lines": [
        1,
        3,
        5,
        6,
        8,
        14,
        15,
        21,
        22
      ],
      "excluded_lines": [],
      "functions": {
        "callback": {
          "executed_lines": [],
          "summary": {
            "covered_lines": 0,
            "num_statements": 0,
            "percent_covered": 100.0,
            "percent_covered_display": "100",
            "missing_lines": 0,
            "excluded_lines": 0
          },
          "missing_lines": [],
          "excluded_lines": []
        },
        "": {
          "executed_lines": [],
          "summary": {
            "covered_lines": 0,
            "num_statements": 9,
            "percent_covered": 0.0,
            "percent_covered_display": "0",
            "missing_lines": 9,
            "excluded_lines": 0
          },
          "missing_lines": [
            1,
            3,
            5,
            6,
            8,
            14,
            15,
            21,
            22
          ],
          "excluded_lines": []
        }
      },
      "classes": {
        "": {
          "executed_lines": [],
          "summary": {
            "covered_lines": 0,
            "num_statements": 9,
            "percent_covered": 0.0,
            "percent_covered_display": "0",
            "missing_lines": 9,
            "excluded_lines": 0
          },
          "missing_lines": [
            1,
            3,
            5,
            6,
            8,
            14,
            15,
            21,
            22
          ],
          "excluded_lines": []
        }
      }
    },
    "catalog/commands/hello.py": {
      "executed_lines": [],
      "summary": {
        "covered_lines": 0,
        "num_statements": 7,
        "percent_covered": 0.0,
        "percent_covered_display": "0",
        "missing_lines": 7,
        "excluded_lines": 0
      },
      "missing_lines": [
        1,
        3,
        4,
        6,
        9,
        10,
        16
      ],
      "excluded_lines": [],
      "functions": {
        "hello": {
          "executed_lines": [],
          "summary": {
            "covered_lines": 0,
            "num_statements": 1,
            "percent_covered": 0.0,
            "percent_covered_display": "0",
            "missing_lines": 1,
            "excluded_lines": 0
          },
          "missing_lines": [
            16
          ],
          "excluded_lines": []
        },
        "": {
          "executed_lines": [],
          "summary": {
            "covered_lines": 0,
            "num_statements": 6,
            "percent_covered": 0.0,
            "percent_covered_display": "0",
            "missing_lines": 6,
            "excluded_lines": 0
          },
          "missing_lines": [
            1,
            3,
            4,
            6,
            9,
            10
          ],
          "excluded_lines": []
        }
      },
      "classes": {
        "": {
          "executed_lines": [],
          "summary": {
            "covered_lines": 0,
            "num_statements": 7,
            "percent_covered": 0.0,
            "percent_covered_display": "0",
            "missing_lines": 7,
            "excluded_lines": 0
          },
          "missing_lines": [
            1,
            3,
            4,
            6,
            9,
            10,
            16
          ],
          "excluded_lines": []
        }
      }
    },
    "catalog/commands/tokens.py": {
      "executed_lines": [],
      "summary": {
        "covered_lines": 0,
        "num_statements": 28,
        "percent_covered": 0.0,
        "percent_covered_display": "0",
        "missing_lines": 28,
        "excluded_lines": 0
      },
      "missing_lines": [
        1,
        3,
        4,
        5,
        7,
        9,
        17,
        18,
        29,
        39,
        42,
        46,
        47,
        48,
        51,
        54,
        65,
        66,
        68,
        69,
        72,
        73,
        77,
        78,
        81,
        82,
        93,
        94
      ],
      "excluded_lines": [],
      "functions": {
        "chek": {
          "executed_lines": [],
          "summary": {
            "covered_lines": 0,
            "num_statements": 1,
            "percent_covered": 0.0,
            "percent_covered_display": "0",
            "missing_lines": 1,
            "excluded_lines": 0
          },
          "missing_lines": [
            29
          ],
          "excluded_lines": []
        },
        "list_tokens": {
          "executed_lines": [],
          "summary": {
            "covered_lines": 0,
            "num_statements": 3,
            "percent_covered": 0.0,
            "percent_covered_display": "0",
            "missing_lines": 3,
            "excluded_lines": 0
          },
          "missing_lines": [
            46,
            47,
            48
          ],
          "excluded_lines": []
        },
        "delete_token": {
          "executed_lines": [],
          "summary": {
            "covered_lines": 0,
            "num_statements": 4,
            "percent_covered": 0.0,
            "percent_covered_display": "0",
            "missing_lines": 4,
            "excluded_lines": 0
          },
          "missing_lines": [
            65,
            66,
            68,
            69
          ],
          "excluded_lines": []
        },
        "create": {
          "executed_lines": [],
          "summary": {
            "covered_lines": 0,
            "num_statements": 2,
            "percent_covered": 0.0,
            "percent_covered_display": "0",
            "missing_lines": 2,
            "excluded_lines": 0
          },
          "missing_lines": [
            77,
            78
          ],
          "excluded_lines": []
        },
        "add": {
          "executed_lines": [],
          "summary": {
            "covered_lines": 0,
            "num_statements": 2,
            "percent_covered": 0.0,
            "percent_covered_display": "0",
            "missing_lines": 2,
            "excluded_lines": 0
          },
          "missing_lines": [
            93,
            94
          ],
          "excluded_lines": []
        },
        "": {
          "executed_lines": [],
          "summary": {
            "covered_lines": 0,
            "num_statements": 16,
            "percent_covered": 0.0,
            "percent_covered_display": "0",
            "missing_lines": 16,
            "excluded_lines": 0
          },
          "missing_lines": [
            1,
            3,
            4,
            5,
            7,
            9,
            17,
            18,
            39,
            42,
            51,
            54,
            72,
            73,
            81,
            82
          ],
          "excluded_lines": []
        }
      },
      "classes": {
        "": {
          "executed_lines": [],
          "summary": {
            "covered_lines": 0,
            "num_statements": 28,
            "percent_covered": 0.0,
            "percent_covered_display": "0",
            "missing_lines": 28,
            "excluded_lines": 0
          },
          "missing_lines": [
            1,
            3,
            4,
            5,
            7,
            9,
            17,
            18,
            29,
            39,
            42,
            46,
            47,
            48,
            51,
            54,
            65,
            66,
            68,
            69,
            72,
            73,
            77,
            78,
            81,
            82,
            93,
            94
          ],
          "excluded_lines": []
        }
      }
    },
    "catalog/core/__init__.py": {
      "executed_lines": [
        0
      ],
      "summary": {
        "covered_lines": 0,
        "num_statements": 0,
        "percent_covered": 100.0,
        "percent_covered_display": "100",
        "missing_lines": 0,
        "excluded_lines": 0
      },
      "missing_lines": [],
      "excluded_lines": [],
      "functions": {
        "": {
          "executed_lines": [],
          "summary": {
            "covered_lines": 0,
            "num_statements": 0,
            "percent_covered": 100.0,
            "percent_covered_display": "100",
            "missing_lines": 0,
            "excluded_lines": 0
          },
          "missing_lines": [],
          "excluded_lines": []
        }
      },
      "classes": {
        "": {
          "executed_lines": [],
          "summary": {
            "covered_lines": 0,
            "num_statements": 0,
            "percent_covered": 100.0,
            "percent_covered_display": "100",
            "missing_lines": 0,
            "excluded_lines": 0
          },
          "missing_lines": [],
          "excluded_lines": []
        }
      }
    },
    "catalog/core/config.py": {
      "executed_lines": [
        1,
        2,
        3,
        5,
        6,
        9,
        10,
        14,
        21,
        26,
        27,
        28,
        29,
        30,
        31,
        33,
        34
      ],
      "summary": {
        "covered_lines": 17,
        "num_statements": 17,
        "percent_covered": 100.0,
        "percent_covered_display": "100",
        "missing_lines": 0,
        "excluded_lines": 0
      },
      "missing_lines": [],
      "excluded_lines": [],
      "functions": {
        "": {
          "executed_lines": [
            1,
            2,
            3,
            5,
            6,
            9,
            10,
            14,
            21,
            26,
            27,
            28,
            29,
            30,
            31,
            33,
            34
          ],
          "summary": {
            "covered_lines": 17,
            "num_statements": 17,
            "percent_covered": 100.0,
            "percent_covered_display": "100",
            "missing_lines": 0,
            "excluded_lines": 0
          },
          "missing_lines": [],
          "excluded_lines": []
        }
      },
      "classes": {
        "": {
          "executed_lines": [
            1,
            2,
            3,
            5,
            6,
            9,
            10,
            14,
            21,
            26,
            27,
            28,
            29,
            30,
            31,
            33,
            34
          ],
          "summary": {
            "covered_lines": 17,
            "num_statements": 17,
            "percent_covered": 100.0,
            "percent_covered_display": "100",
            "missing_lines": 0,
            "excluded_lines": 0
          },
          "missing_lines": [],
          "excluded_lines": []
        }
      }
    },
    "catalog/main.py": {
      "executed_lines": [
        1,
        3,
        4,
        6,
        7,
        8,
        9,
        11,
        15,
        20,
        21,
        24
      ],
      "summary": {
        "covered_lines": 12,
        "num_statements": 13,
        "percent_covered": 92.3076923076923,
        "percent_covered_display": "92",
        "missing_lines": 1,
        "excluded_lines": 0
      },
      "missing_lines": [
        25
      ],
      "excluded_lines": [],
      "functions": {
        "": {
          "executed_lines": [
            1,
            3,
            4,
            6,
            7,
            8,
            9,
            11,
            15,
            20,
            21,
            24
          ],
          "summary": {
            "covered_lines": 12,
            "num_statements": 13,
            "percent_covered": 92.3076923076923,
            "percent_covered_display": "92",
            "missing_lines": 1,
            "excluded_lines": 0
          },
          "missing_lines": [
            25
          ],
          "excluded_lines": []
        }
      },
      "classes": {
        "": {
          "executed_lines": [
            1,
            3,
            4,
            6,
            7,
            8,
            9,
            11,
            15,
            20,
            21,
            24
          ],
          "summary": {
            "covered_lines": 12,
            "num_statements": 13,
            "percent_covered": 92.3076923076923,
            "percent_covered_display": "92",
            "missing_lines": 1,
            "excluded_lines": 0
          },
          "missing_lines": [
            25
          ],
          "excluded_lines": []
        }
      }
    },
    "catalog/manage.py": {
      "executed_lines": [],
      "summary": {
        "covered_lines": 0,
        "num_statements": 3,
        "percent_covered": 0.0,
        "percent_covered_display": "0",
        "missing_lines": 3,
        "excluded_lines": 0
      },
      "missing_lines": [
        3,
        5,
        6
      ],
      "excluded_lines": [],
      "functions": {
        "": {
          "executed_lines": [],
          "summary": {
            "covered_lines": 0,
            "num_statements": 3,
            "percent_covered": 0.0,
            "percent_covered_display": "0",
            "missing_lines": 3,
            "excluded_lines": 0
          },
          "missing_lines": [
            3,
            5,
            6
          ],
          "excluded_lines": []
        }
      },
      "classes": {
        "": {
          "executed_lines": [],
          "summary": {
            "covered_lines": 0,
            "num_statements": 3,
            "percent_covered": 0.0,
            "percent_covered_display": "0",
            "missing_lines": 3,
            "excluded_lines": 0
          },
          "missing_lines": [
            3,
            5,
            6
          ],
          "excluded_lines": []
        }
      }
    },
    "catalog/schemas/__init__.py": {
      "executed_lines": [
        0
      ],
      "summary": {
        "covered_lines": 0,
        "num_statements": 0,
        "percent_covered": 100.0,
        "percent_covered_display": "100",
        "missing_lines": 0,
        "excluded_lines": 0
      },
      "missing_lines": [],
      "excluded_lines": [],
      "functions": {
        "": {
          "executed_lines": [],
          "summary": {
            "covered_lines": 0,
            "num_statements": 0,
            "percent_covered": 100.0,
            "percent_covered_display": "100",
            "missing_lines": 0,
            "excluded_lines": 0
          },
          "missing_lines": [],
          "excluded_lines": []
        }
      },
      "classes": {
        "": {
          "executed_lines": [],
          "summary": {
            "covered_lines": 0,
            "num_statements": 0,
            "percent_covered": 100.0,
            "percent_covered_display": "100",
            "missing_lines": 0,
            "excluded_lines": 0
          },
          "missing_lines": [],
          "excluded_lines": []
        }
      }
    },
    "catalog/schemas/movie.py": {
      "executed_lines": [
        1,
        3,
        4,
        7,
        8,
        12,
        13,
        16,
        17,
        23,
        24,
        25,
        26,
        29,
        30,
        31,
        32,
        35,
        36,
        38,
        39,
        42,
        43,
        44
      ],
      "summary": {
        "covered_lines": 23,
        "num_statements": 23,
        "percent_covered": 100.0,
        "percent_covered_display": "100",
        "missing_lines": 0,
        "excluded_lines": 0
      },
      "missing_lines": [],
      "excluded_lines": [],
      "functions": {
        "": {
          "executed_lines": [
            1,
            3,
            4,
            7,
            8,
            12,
            13,
            16,
            17,
            23,
            24,
            25,
            26,
            29,
            30,
            31,
            32,
            35,
            36,
            38,
            39,
            42,
            43,
            44
          ],
          "summary": {
            "covered_lines": 23,
            "num_statements": 23,
            "percent_covered": 100.0,
            "percent_covered_display": "100",
            "missing_lines": 0,
            "excluded_lines": 0
          },
          "missing_lines": [],
          "excluded_lines": []
        }
      },
      "classes": {
        "BaseMovie": {
          "executed_lines": [],
          "summary": {
            "covered_lines": 0,
            "num_statements": 0,
            "percent_covered": 100.0,
            "percent_covered_display": "100",
            "missing_lines": 0,
            "excluded_lines": 0
          },
          "missing_lines": [],
          "excluded_lines": []
        },
        "CreateMovie": {
          "executed_lines": [],
          "summary": {
            "covered_lines": 0,
            "num_statements": 0,
            "percent_covered": 100.0,
            "percent_covered_display": "100",
            "missing_lines": 0,
            "excluded_lines": 0
          },
          "missing_lines": [],
          "excluded_lines": []
        },
        "UpdateMovie": {
          "executed_lines": [],
          "summary": {
            "covered_lines": 0,
            "num_statements": 0,
            "percent_covered": 100.0,
            "percent_covered_display": "100",
            "missing_lines": 0,
            "excluded_lines": 0
          },
          "missing_lines": [],
          "excluded_lines": []
        },
        "UpdatePartialMovie": {
          "executed_lines": [],
          "summary": {
            "covered_lines": 0,
            "num_statements": 0,
            "percent_covered": 100.0,
            "percent_covered_display": "100",
            "missing_lines": 0,
            "excluded_lines": 0
          },
          "missing_lines": [],
          "excluded_lines": []
        },
        "MovieRead": {
          "executed_lines": [],
          "summary": {
            "covered_lines": 0,
            "num_statements": 0,
            "percent_covered": 100.0,
            "percent_covered_display": "100",
            "missing_lines": 0,
            "excluded_lines": 0
          },
          "missing_lines": [],
          "excluded_lines": []
        },
        "Movie": {
          "executed_lines": [],
          "summary": {
            "covered_lines": 0,
            "num_statements": 0,
            "percent_covered": 100.0,
            "percent_covered_display": "100",
            "missing_lines": 0,
            "excluded_lines": 0
          },
          "missing_lines": [],
          "excluded_lines": []
        },
        "": {
          "executed_lines": [
            1,
            3,
            4,
            7,
            8,
            12,
            13,
            16,
            17,
            23,
            24,
            25,
            26,
            29,
            30,
            31,
            32,
            35,
            36,
            38,
            39,
            42,
            43,
            44
          ],
          "summary": {
            "covered_lines": 23,
            "num_statements": 23,
            "percent_covered": 100.0,
            "percent_covered_display": "100",
            "missing_lines": 0,
            "excluded_lines": 0
          },
          "missing_lines": [],
          "excluded_lines": []
        }
      }
    },
    "catalog/stuff.py": {
      "executed_lines": [],
      "summary": {
        "covered_lines": 0,
        "num_statements": 13,
        "percent_covered": 0.0,
        "percent_covered_display": "0",
        "missing_lines": 13,
        "excluded_lines": 0
      },
      "missing_lines": [
        1,
        3,
        5,
        13,
        14,
        15,
        16,
        17,
        18,
        25,
        26,
        29,
        30
      ],
      "excluded_lines": [],
      "functions": {
        "main": {
          "executed_lines": [],
          "summary": {
            "covered_lines": 0,
            "num_statements": 7,
            "percent_covered": 0.0,
            "percent_covered_display": "0",
            "missing_lines": 7,
            "excluded_lines": 0
          },
          "missing_lines": [
            14,
            15,
            16,
            17,
            18,
            25,
            26
          ],
          "excluded_lines": []
        },
        "": {
          "executed_lines": [],
          "summary": {
            "covered_lines": 0,
            "num_statements": 6,
            "percent_covered": 0.0,
            "percent_covered_display": "0",
            "missing_lines": 6,
            "excluded_lines": 0
          },
          "missing_lines": [
            1,
            3,
            5,
            13,
            29,
            30
          ],
          "excluded_lines": []
        }
      },
      "classes": {
        "": {
          "executed_lines": [],
          "summary": {
            "covered_lines": 0,
            "num_statements": 13,
            "percent_covered": 0.0,
            "percent_covered_display": "0",
            "missing_lines": 13,
            "excluded_lines": 0
          },
          "missing_lines": [
            1,
            3,
            5,
            13,
            14,
            15,
            16,
            17,
            18,
            25,
            26,
            29,
            30
          ],
          "excluded_lines": []
        }
      }
    },
    "catalog/testing/__init__.py": {
      "executed_lines": [
        0
      ],
      "summary": {
        "covered_lines": 0,
        "num_statements": 0,
        "percent_covered": 100.0,
        "percent_covered_display": "100",
        "missing_lines": 0,
        "excluded_lines": 0
      },
      "missing_lines": [],
      "excluded_lines": [],
      "functions": {
        "": {
          "executed_lines": [],
          "summary": {
            "covered_lines": 0,
            "num_statements": 0,
            "percent_covered": 100.0,
            "percent_covered_display": "100",
            "missing_lines": 0,
            "excluded_lines": 0
          },
          "missing_lines": [],
          "excluded_lines": []
        }
      },
      "classes": {
        "": {
          "executed_lines": [],
          "summary": {
            "covered_lines": 0,
            "num_statements": 0,
            "percent_covered": 100.0,
            "percent_covered_display": "100",
            "missing_lines": 0,
            "excluded_lines": 0
          },
          "missing_lines": [],
          "excluded_lines": []
        }
      }
    },
    "catalog/testing/conftest.py": {
      "executed_lines": [
        1,
        2,
        3,
        4,
        6,
        8,
        9,
        12,
        13,
        14,
        20,
        26,
        34,
        39,
        52,
        58,
        64,
        67,
        72,
        77,
        80,
        81,
        82,
        84,
        85
      ],
      "summary": {
        "covered_lines": 25,
        "num_statements": 26,
        "percent_covered": 96.15384615384616,
        "percent_covered_display": "96",
        "missing_lines": 1,
        "excluded_lines": 0
      },
      "missing_lines": [
        15
      ],
      "excluded_lines": [],
      "functions": {
        "check_testing_env": {
          "executed_lines": [
            14
          ],
          "summary": {
            "covered_lines": 1,
            "num_statements": 2,
            "percent_covered": 50.0,
            "percent_covered_display": "50",
            "missing_lines": 1,
            "excluded_lines": 0
          },
          "missing_lines": [
            15
          ],
          "excluded_lines": []
        },
        "build_create_movie": {
          "executed_lines": [
            26
          ],
          "summary": {
            "covered_lines": 1,
            "num_statements": 1,
            "percent_covered": 100.0,
            "percent_covered_display": "100",
            "missing_lines": 0,
            "excluded_lines": 0
          },
          "missing_lines": [],
          "excluded_lines": []
        },
        "build_create_movie_random_slug": {
          "executed_lines": [
            39
          ],
          "summary": {
            "covered_lines": 1,
            "num_statements": 1,
            "percent_covered": 100.0,
            "percent_covered_display": "100",
            "missing_lines": 0,
            "excluded_lines": 0
          },
          "missing_lines": [],
          "excluded_lines": []
        },
        "create_movie": {
          "executed_lines": [
            58,
            64
          ],
          "summary": {
            "covered_lines": 2,
            "num_statements": 2,
            "percent_covered": 100.0,
            "percent_covered_display": "100",
            "missing_lines": 0,
            "excluded_lines": 0
          },
          "missing_lines": [],
          "excluded_lines": []
        },
        "create_movie_random_slug": {
          "executed_lines": [
            72,
            77
          ],
          "summary": {
            "covered_lines": 2,
            "num_statements": 2,
            "percent_covered": 100.0,
            "percent_covered_display": "100",
            "missing_lines": 0,
            "excluded_lines": 0
          },
          "missing_lines": [],
          "excluded_lines": []
        },
        "movie": {
          "executed_lines": [
            82,
            84,
            85
          ],
          "summary": {
            "covered_lines": 3,
            "num_statements": 3,
            "percent_covered": 100.0,
            "percent_covered_display": "100",
            "missing_lines": 0,
            "excluded_lines": 0
          },
          "missing_lines": [],
          "excluded_lines": []
        },
        "": {
          "executed_lines": [
            1,
            2,
            3,
            4,
            6,
            8,
            9,
            12,
            13,
            20,
            34,
            52,
            67,
            80,
            81
          ],
          "summary": {
            "covered_lines": 15,
            "num_statements": 15,
            "percent_covered": 100.0,
            "percent_covered_display": "100",
            "missing_lines": 0,
            "excluded_lines": 0
          },
          "missing_lines": [],
          "excluded_lines": []
        }
      },
      "classes": {
        "": {
          "executed_lines": [
            1,
            2,
            3,
            4,
            6,
            8,
            9,
            12,
            13,
            14,
            20,
            26,
            34,
            39,
            52,
            58,
            64,
            67,
            72,
            77,
            80,
            81,
            82,
            84,
            85
          ],
          "summary": {
            "covered_lines": 25,
            "num_statements": 26,
            "percent_covered": 96.15384615384616,
            "percent_covered_display": "96",
            "missing_lines": 1,
            "excluded_lines": 0
          },
          "missing_lines": [
            15
          ],
          "excluded_lines": []
        }
      }
    },
    "catalog/testing/test_api/__init__.py": {
      "executed_lines": [
        0
      ],
      "summary": {
        "covered_lines": 0,
        "num_statements": 0,
        "percent_covered": 100.0,
        "percent_covered_display": "100",
        "missing_lines": 0,
        "excluded_lines": 0
      },
      "missing_lines": [],
      "excluded_lines": [],
      "functions": {
        "": {
          "executed_lines": [],
          "summary": {
            "covered_lines": 0,
            "num_statements": 0,
            "percent_covered": 100.0,
            "percent_covered_display": "100",
            "missing_lines": 0,
            "excluded_lines": 0
          },
          "missing_lines": [],
          "excluded_lines": []
        }
      },
      "classes": {
        "": {
          "executed_lines": [],
          "summary": {
            "covered_lines": 0,
            "num_statements": 0,
            "percent_covered": 100.0,
            "percent_covered_display": "100",
            "missing_lines": 0,
            "excluded_lines": 0
          },
          "missing_lines": [],
          "excluded_lines": []
        }
      }
    },
    "catalog/testing/test_api/conftest.py": {
      "executed_lines": [
        1,
        3,
        4,
        6,
        7,
        10,
        11,
        12,
        13,
        16,
        17,
        18,
        19,
        20,
        23,
        24,
        27,
        28,
        29
      ],
      "summary": {
        "covered_lines": 19,
        "num_statements": 19,
        "percent_covered": 100.0,
        "percent_covered_display": "100",
        "missing_lines": 0,
        "excluded_lines": 0
      },
      "missing_lines": [],
      "excluded_lines": [],
      "functions": {
        "client": {
          "executed_lines": [
            12,
            13
          ],
          "summary": {
            "covered_lines": 2,
            "num_statements": 2,
            "percent_covered": 100.0,
            "percent_covered_display": "100",
            "missing_lines": 0,
            "excluded_lines": 0
          },
          "missing_lines": [],
          "excluded_lines": []
        },
        "auth_token": {
          "executed_lines": [
            18,
            19,
            20
          ],
          "summary": {
            "covered_lines": 3,
            "num_statements": 3,
            "percent_covered": 100.0,
            "percent_covered_display": "100",
            "missing_lines": 0,
            "excluded_lines": 0
          },
          "missing_lines": [],
          "excluded_lines": []
        },
        "auth_client": {
          "executed_lines": [
            27,
            28,
            29
          ],
          "summary": {
            "covered_lines": 3,
            "num_statements": 3,
            "percent_covered": 100.0,
            "percent_covered_display": "100",
            "missing_lines": 0,
            "excluded_lines": 0
          },
          "missing_lines": [],
          "excluded_lines": []
        },
        "": {
          "executed_lines": [
            1,
            3,
            4,
            6,
            7,
            10,
            11,
            16,
            17,
[...]
          "excluded_lines": []
        },
        "": {
          "executed_lines": [
            1,
            2,
            3,
            4,
            6,
            7,
            8,
            9,
            11,
            12,
            13,
            15,
            18,
            45,
            59,
            61,
            67,
            75
          ],
          "summary": {
            "covered_lines": 18,
            "num_statements": 18,
            "percent_covered": 100.0,
            "percent_covered_display": "100",
            "missing_lines": 0,
            "excluded_lines": 0
          },
          "missing_lines": [],
          "excluded_lines": []
        }
      },
      "classes": {
        "TestCreateInvalid": {
          "executed_lines": [
            68,
            69,
            70,
            71,
            73,
            80,
            81,
            82,
            83,
            86,
            87
          ],
          "summary": {
            "covered_lines": 11,
            "num_statements": 11,
            "percent_covered": 100.0,
            "percent_covered_display": "100",
            "missing_lines": 0,
            "excluded_lines": 0
          },
          "missing_lines": [],
          "excluded_lines": []
        },
        "": {
          "executed_lines": [
            1,
            2,
            3,
            4,
            6,
            7,
            8,
            9,
            11,
            12,
            13,
            15,
            18,
            22,
            23,
            24,
            35,
            36,
            37,
            38,
            39,
            40,
            41,
            42,
            45,
            49,
            50,
            51,
            52,
            53,
            54,
            55,
            56,
            59,
            61,
            67,
            75
          ],
          "summary": {
            "covered_lines": 37,
            "num_statements": 37,
            "percent_covered": 100.0,
            "percent_covered_display": "100",
            "missing_lines": 0,
            "excluded_lines": 0
          },
          "missing_lines": [],
          "excluded_lines": []
        }
      }
    },
    "catalog/testing/test_api/test_api_v1/test_auth/__init__.py": {
      "executed_lines": [
        0
      ],
      "summary": {
        "covered_lines": 0,
        "num_statements": 0,
        "percent_covered": 100.0,
        "percent_covered_display": "100",
        "missing_lines": 0,
        "excluded_lines": 0
      },
      "missing_lines": [],
      "excluded_lines": [],
      "functions": {
        "": {
          "executed_lines": [],
          "summary": {
            "covered_lines": 0,
            "num_statements": 0,
            "percent_covered": 100.0,
            "percent_covered_display": "100",
            "missing_lines": 0,
            "excluded_lines": 0
          },
          "missing_lines": [],
          "excluded_lines": []
        }
      },
      "classes": {
        "": {
          "executed_lines": [],
          "summary": {
            "covered_lines": 0,
            "num_statements": 0,
            "percent_covered": 100.0,
            "percent_covered_display": "100",
            "missing_lines": 0,
            "excluded_lines": 0
          },
          "missing_lines": [],
          "excluded_lines": []
        }
      }
    },
    "catalog/testing/test_api/test_api_v1/test_auth/test_services/__init__.py": {
      "executed_lines": [
        0
      ],
      "summary": {
        "covered_lines": 0,
        "num_statements": 0,
        "percent_covered": 100.0,
        "percent_covered_display": "100",
        "missing_lines": 0,
        "excluded_lines": 0
      },
      "missing_lines": [],
      "excluded_lines": [],
      "functions": {
        "": {
          "executed_lines": [],
          "summary": {
            "covered_lines": 0,
            "num_statements": 0,
            "percent_covered": 100.0,
            "percent_covered_display": "100",
            "missing_lines": 0,
            "excluded_lines": 0
          },
          "missing_lines": [],
          "excluded_lines": []
        }
      },
      "classes": {
        "": {
          "executed_lines": [],
          "summary": {
            "covered_lines": 0,
            "num_statements": 0,
            "percent_covered": 100.0,
            "percent_covered_display": "100",
            "missing_lines": 0,
            "excluded_lines": 0
          },
          "missing_lines": [],
          "excluded_lines": []
        }
      }
    },
    "catalog/testing/test_api/test_api_v1/test_auth/test_services/test_redis_token_helper.py": {
      "executed_lines": [
        1,
        3,
        6,
        7,
        8,
        9
      ],
      "summary": {
        "covered_lines": 6,
        "num_statements": 6,
        "percent_covered": 100.0,
        "percent_covered_display": "100",
        "missing_lines": 0,
        "excluded_lines": 0
      },
      "missing_lines": [],
      "excluded_lines": [],
      "functions": {
        "RedisTokensHelperTestCase.test_generate_and_save_token": {
          "executed_lines": [
            8,
            9
          ],
          "summary": {
            "covered_lines": 2,
            "num_statements": 2,
            "percent_covered": 100.0,
            "percent_covered_display": "100",
            "missing_lines": 0,
            "excluded_lines": 0
          },
          "missing_lines": [],
          "excluded_lines": []
        },
        "": {
          "executed_lines": [
            1,
            3,
            6,
            7
          ],
          "summary": {
            "covered_lines": 4,
            "num_statements": 4,
            "percent_covered": 100.0,
            "percent_covered_display": "100",
            "missing_lines": 0,
            "excluded_lines": 0
          },
          "missing_lines": [],
          "excluded_lines": []
        }
      },
      "classes": {
        "RedisTokensHelperTestCase": {
          "executed_lines": [
            8,
            9
          ],
          "summary": {
            "covered_lines": 2,
            "num_statements": 2,
            "percent_covered": 100.0,
            "percent_covered_display": "100",
            "missing_lines": 0,
            "excluded_lines": 0
          },
          "missing_lines": [],
          "excluded_lines": []
        },
        "": {
          "executed_lines": [
            1,
            3,
            6,
            7
          ],
          "summary": {
            "covered_lines": 4,
            "num_statements": 4,
            "percent_covered": 100.0,
            "percent_covered_display": "100",
            "missing_lines": 0,
            "excluded_lines": 0
          },
          "missing_lines": [],
          "excluded_lines": []
        }
      }
    },
    "catalog/testing/test_api/test_views.py": {
      "executed_lines": [
        1,
        2,
        3,
        5,
        8,
        9,
        11,
        12,
        13,
        14,
        17,
        26,
        27,
        28,
        29,
        30,
        31,
        32
      ],
      "summary": {
        "covered_lines": 18,
        "num_statements": 18,
        "percent_covered": 100.0,
        "percent_covered_display": "100",
        "missing_lines": 0,
        "excluded_lines": 0
      },
      "missing_lines": [],
      "excluded_lines": [],
      "functions": {
        "test_root_view": {
          "executed_lines": [
            9,
            11,
            12,
            13,
            14
          ],
          "summary": {
            "covered_lines": 5,
            "num_statements": 5,
            "percent_covered": 100.0,
            "percent_covered_display": "100",
            "missing_lines": 0,
            "excluded_lines": 0
          },
          "missing_lines": [],
          "excluded_lines": []
        },
        "test_root_view_custom_name": {
          "executed_lines": [
            27,
            28,
            29,
            30,
            31,
            32
          ],
          "summary": {
            "covered_lines": 6,
            "num_statements": 6,
            "percent_covered": 100.0,
            "percent_covered_display": "100",
            "missing_lines": 0,
            "excluded_lines": 0
          },
          "missing_lines": [],
          "excluded_lines": []
        },
        "": {
          "executed_lines": [
            1,
            2,
            3,
            5,
            8,
            17,
            26
          ],
          "summary": {
            "covered_lines": 7,
            "num_statements": 7,
            "percent_covered": 100.0,
            "percent_covered_display": "100",
            "missing_lines": 0,
            "excluded_lines": 0
          },
          "missing_lines": [],
          "excluded_lines": []
        }
      },
      "classes": {
        "": {
          "executed_lines": [
            1,
            2,
            3,
            5,
            8,
            9,
            11,
            12,
            13,
            14,
            17,
            26,
            27,
            28,
            29,
            30,
            31,
            32
          ],
          "summary": {
            "covered_lines": 18,
            "num_statements": 18,
            "percent_covered": 100.0,
            "percent_covered_display": "100",
            "missing_lines": 0,
            "excluded_lines": 0
          },
          "missing_lines": [],
          "excluded_lines": []
        }
      }
    },
    "catalog/testing/test_schemas/__init__.py": {
      "executed_lines": [
        0
      ],
      "summary": {
        "covered_lines": 0,
        "num_statements": 0,
        "percent_covered": 100.0,
        "percent_covered_display": "100",
        "missing_lines": 0,
        "excluded_lines": 0
      },
      "missing_lines": [],
      "excluded_lines": [],
      "functions": {
        "": {
          "executed_lines": [],
          "summary": {
            "covered_lines": 0,
            "num_statements": 0,
            "percent_covered": 100.0,
            "percent_covered_display": "100",
            "missing_lines": 0,
            "excluded_lines": 0
          },
          "missing_lines": [],
          "excluded_lines": []
        }
      },
      "classes": {
        "": {
          "executed_lines": [],
          "summary": {
            "covered_lines": 0,
            "num_statements": 0,
            "percent_covered": 100.0,
            "percent_covered_display": "100",
            "missing_lines": 0,
            "excluded_lines": 0
          },
          "missing_lines": [],
          "excluded_lines": []
        }
      }
    },
    "catalog/testing/test_schemas/test_movie.py": {
      "executed_lines": [
        1,
        3,
        5,
        8,
        9,
        10,
        16,
        19,
        23,
        27,
        31,
        36,
        37,
        42,
        46,
        50,
        54,
        59,
        60,
        65,
        69,
        73,
        77,
        82,
        83,
        91,
        92,
        93,
        99,
        104,
        105,
        106,
        115,
        116,
        117,
        119,
        120,
        124
      ],
      "summary": {
        "covered_lines": 38,
        "num_statements": 38,
        "percent_covered": 100.0,
        "percent_covered_display": "100",
        "missing_lines": 0,
        "excluded_lines": 0
      },
      "missing_lines": [],
      "excluded_lines": [],
      "functions": {
        "MovieCreateTestCase.test_movie_can_be_created_from_created_schemas": {
          "executed_lines": [
            10,
            16,
            19,
            23,
            27,
            31
          ],
          "summary": {
            "covered_lines": 6,
            "num_statements": 6,
            "percent_covered": 100.0,
            "percent_covered_display": "100",
            "missing_lines": 0,
            "excluded_lines": 0
          },
          "missing_lines": [],
          "excluded_lines": []
        },
        "MovieCreateTestCase.test_movie_can_be_update_from_schemas": {
          "executed_lines": [
            37,
            42,
            46,
            50,
            54
          ],
          "summary": {
            "covered_lines": 5,
            "num_statements": 5,
            "percent_covered": 100.0,
            "percent_covered_display": "100",
            "missing_lines": 0,
            "excluded_lines": 0
          },
          "missing_lines": [],
          "excluded_lines": []
        },
        "MovieCreateTestCase.test_movie_create_accepts_different_urls": {
          "executed_lines": [
            60,
            65,
            69,
            73,
            77
          ],
          "summary": {
            "covered_lines": 5,
            "num_statements": 5,
            "percent_covered": 100.0,
            "percent_covered_display": "100",
            "missing_lines": 0,
            "excluded_lines": 0
          },
          "missing_lines": [],
          "excluded_lines": []
        },
        "MovieCreateTestCase.test_movie_create_accepts_different_title": {
          "executed_lines": [
            83,
            91,
            92,
            93,
            99
          ],
          "summary": {
            "covered_lines": 5,
            "num_statements": 5,
            "percent_covered": 100.0,
            "percent_covered_display": "100",
            "missing_lines": 0,
            "excluded_lines": 0
          },
          "missing_lines": [],
          "excluded_lines": []
        },
        "MovieCreateTestCase.test_movie_slug_to_short": {
          "executed_lines": [
            105,
            106,
            115,
            116,
            117
          ],
          "summary": {
            "covered_lines": 5,
            "num_statements": 5,
            "percent_covered": 100.0,
            "percent_covered_display": "100",
            "missing_lines": 0,
            "excluded_lines": 0
          },
          "missing_lines": [],
          "excluded_lines": []
        },
        "MovieCreateTestCase.test_movie_slug_to_regex": {
          "executed_lines": [
            120,
            124
          ],
          "summary": {
            "covered_lines": 2,
            "num_statements": 2,
            "percent_covered": 100.0,
            "percent_covered_display": "100",
            "missing_lines": 0,
            "excluded_lines": 0
          },
          "missing_lines": [],
          "excluded_lines": []
        },
        "": {
          "executed_lines": [
            1,
            3,
            5,
            8,
            9,
            36,
            59,
            82,
            104,
            119
          ],
          "summary": {
            "covered_lines": 10,
            "num_statements": 10,
            "percent_covered": 100.0,
            "percent_covered_display": "100",
            "missing_lines": 0,
            "excluded_lines": 0
          },
          "missing_lines": [],
          "excluded_lines": []
        }
      },
      "classes": {
        "MovieCreateTestCase": {
          "executed_lines": [
            10,
            16,
            19,
            23,
            27,
            31,
            37,
            42,
            46,
            50,
            54,
            60,
            65,
            69,
            73,
            77,
            83,
            91,
            92,
            93,
            99,
            105,
            106,
            115,
            116,
            117,
            120,
            124
          ],
          "summary": {
            "covered_lines": 28,
            "num_statements": 28,
            "percent_covered": 100.0,
            "percent_covered_display": "100",
            "missing_lines": 0,
            "excluded_lines": 0
          },
          "missing_lines": [],
          "excluded_lines": []
        },
        "": {
          "executed_lines": [
            1,
            3,
            5,
            8,
            9,
            36,
            59,
            82,
            104,
            119
          ],
          "summary": {
            "covered_lines": 10,
            "num_statements": 10,
            "percent_covered": 100.0,
            "percent_covered_display": "100",
            "missing_lines": 0,
            "excluded_lines": 0
          },
          "missing_lines": [],
          "excluded_lines": []
        }
      }
    },
    "catalog/testing/test_schemas/test_user.py": {
      "executed_lines": [
        1,
        2,
        3,
        5,
        8,
        11,
        16,
        20,
        21,
        24,
        28
      ],
      "summary": {
        "covered_lines": 11,
        "num_statements": 15,
        "percent_covered": 73.33333333333333,
        "percent_covered_display": "73",
        "missing_lines": 4,
        "excluded_lines": 0
      },
      "missing_lines": [
        12,
        13,
        29,
        30
      ],
      "excluded_lines": [],
      "functions": {
        "test_user_schema": {
          "executed_lines": [],
          "summary": {
            "covered_lines": 0,
            "num_statements": 2,
            "percent_covered": 0.0,
            "percent_covered_display": "0",
            "missing_lines": 2,
            "excluded_lines": 0
          },
          "missing_lines": [
            12,
            13
          ],
          "excluded_lines": []
        },
        "test_platform": {
          "executed_lines": [
            21
          ],
          "summary": {
            "covered_lines": 1,
            "num_statements": 1,
            "percent_covered": 100.0,
            "percent_covered_display": "100",
            "missing_lines": 0,
            "excluded_lines": 0
          },
          "missing_lines": [],
          "excluded_lines": []
        },
        "test_only_for_windows": {
          "executed_lines": [],
          "summary": {
            "covered_lines": 0,
            "num_statements": 2,
            "percent_covered": 0.0,
            "percent_covered_display": "0",
            "missing_lines": 2,
            "excluded_lines": 0
          },
          "missing_lines": [
            29,
            30
          ],
          "excluded_lines": []
        },
        "": {
          "executed_lines": [
            1,
            2,
            3,
            5,
            8,
            11,
            16,
            20,
            24,
            28
          ],
          "summary": {
            "covered_lines": 10,
            "num_statements": 10,
            "percent_covered": 100.0,
            "percent_covered_display": "100",
            "missing_lines": 0,
            "excluded_lines": 0
          },
          "missing_lines": [],
          "excluded_lines": []
        }
      },
      "classes": {
        "": {
          "executed_lines": [
            1,
            2,
            3,
            5,
            8,
            11,
            16,
            20,
            21,
            24,
            28
          ],
          "summary": {
            "covered_lines": 11,
            "num_statements": 15,
            "percent_covered": 73.33333333333333,
            "percent_covered_display": "73",
            "missing_lines": 4,
            "excluded_lines": 0
          },
          "missing_lines": [
            12,
            13,
            29,
            30
          ],
          "excluded_lines": []
        }
      }
    }
  },
  "totals": {
    "covered_lines": 542,
    "num_statements": 644,
    "percent_covered": 84.16149068322981,
    "percent_covered_display": "84",
    "missing_lines": 102,
    "excluded_lines": 0
  }
}
